{"/Users/leejiwoong/Documents/coding/pow-blockchain/blockchain/src/Block.ts": {"path":"/Users/leejiwoong/Documents/coding/pow-blockchain/blockchain/src/Block.ts","statementMap":{"0":{"start":{"line":1,"column":0},"end":{"line":1,"column":44}},"1":{"start":{"line":3,"column":21},"end":{"line":3,"column":24}},"2":{"start":{"line":4,"column":20},"end":{"line":4,"column":24}},"3":{"start":{"line":6,"column":0},"end":{"line":6,"column":13}},"4":{"start":{"line":12,"column":4},"end":{"line":12,"column":71}},"5":{"start":{"line":13,"column":4},"end":{"line":13,"column":38}},"6":{"start":{"line":16,"column":2},"end":{"line":18,"column":null}},"7":{"start":{"line":17,"column":4},"end":{"line":17,"column":41}},"8":{"start":{"line":20,"column":2},"end":{"line":22,"column":null}},"9":{"start":{"line":21,"column":4},"end":{"line":21,"column":31}},"10":{"start":{"line":24,"column":2},"end":{"line":26,"column":null}},"11":{"start":{"line":25,"column":4},"end":{"line":25,"column":29}},"12":{"start":{"line":28,"column":2},"end":{"line":30,"column":null}},"13":{"start":{"line":29,"column":4},"end":{"line":29,"column":22}},"14":{"start":{"line":32,"column":2},"end":{"line":34,"column":null}},"15":{"start":{"line":33,"column":4},"end":{"line":33,"column":59}},"16":{"start":{"line":35,"column":0},"end":{"line":35,"column":null}},"17":{"start":{"line":6,"column":13},"end":{"line":6,"column":18}},"18":{"start":{"line":37,"column":0},"end":{"line":37,"column":13}},"19":{"start":{"line":46,"column":4},"end":{"line":46,"column":28}},"20":{"start":{"line":47,"column":4},"end":{"line":47,"column":52}},"21":{"start":{"line":50,"column":4},"end":{"line":50,"column":22}},"22":{"start":{"line":53,"column":2},"end":{"line":55,"column":null}},"23":{"start":{"line":54,"column":4},"end":{"line":54,"column":34}},"24":{"start":{"line":56,"column":2},"end":{"line":58,"column":null}},"25":{"start":{"line":57,"column":4},"end":{"line":57,"column":22}},"26":{"start":{"line":59,"column":2},"end":{"line":61,"column":null}},"27":{"start":{"line":60,"column":4},"end":{"line":60,"column":24}},"28":{"start":{"line":62,"column":9},"end":{"line":64,"column":null}},"29":{"start":{"line":63,"column":4},"end":{"line":63,"column":null}},"30":{"start":{"line":65,"column":0},"end":{"line":65,"column":null}},"31":{"start":{"line":37,"column":13},"end":{"line":37,"column":24}},"32":{"start":{"line":67,"column":0},"end":{"line":67,"column":13}},"33":{"start":{"line":76,"column":4},"end":{"line":76,"column":24}},"34":{"start":{"line":77,"column":4},"end":{"line":77,"column":28}},"35":{"start":{"line":78,"column":4},"end":{"line":78,"column":36}},"36":{"start":{"line":79,"column":4},"end":{"line":79,"column":40}},"37":{"start":{"line":82,"column":2},"end":{"line":84,"column":null}},"38":{"start":{"line":83,"column":4},"end":{"line":83,"column":30}},"39":{"start":{"line":86,"column":2},"end":{"line":88,"column":null}},"40":{"start":{"line":87,"column":4},"end":{"line":87,"column":43}},"41":{"start":{"line":90,"column":2},"end":{"line":98,"column":null}},"42":{"start":{"line":91,"column":4},"end":{"line":97,"column":null}},"43":{"start":{"line":92,"column":6},"end":{"line":92,"column":51}},"44":{"start":{"line":93,"column":6},"end":{"line":93,"column":40}},"45":{"start":{"line":94,"column":6},"end":{"line":94,"column":18}},"46":{"start":{"line":96,"column":6},"end":{"line":96,"column":19}},"47":{"start":{"line":100,"column":2},"end":{"line":109,"column":null}},"48":{"start":{"line":103,"column":4},"end":{"line":103,"column":36}},"49":{"start":{"line":104,"column":4},"end":{"line":104,"column":40}},"50":{"start":{"line":105,"column":4},"end":{"line":108,"column":null}},"51":{"start":{"line":68,"column":9},"end":{"line":68,"column":43}},"52":{"start":{"line":110,"column":0},"end":{"line":110,"column":null}},"53":{"start":{"line":67,"column":13},"end":{"line":67,"column":22}}},"fnMap":{"0":{"name":"(anonymous_1)","decl":{"start":{"line":6,"column":0},"end":{"line":6,"column":13}},"loc":{"start":{"line":6,"column":0},"end":{"line":35,"column":null}}},"1":{"name":"Block","decl":{"start":{"line":11,"column":2},"end":{"line":11,"column":14}},"loc":{"start":{"line":11,"column":83},"end":{"line":14,"column":3}}},"2":{"name":"(anonymous_3)","decl":{"start":{"line":16,"column":2},"end":{"line":16,"column":6}},"loc":{"start":{"line":16,"column":41},"end":{"line":18,"column":3}}},"3":{"name":"(anonymous_4)","decl":{"start":{"line":20,"column":2},"end":{"line":20,"column":6}},"loc":{"start":{"line":20,"column":31},"end":{"line":22,"column":3}}},"4":{"name":"(anonymous_5)","decl":{"start":{"line":24,"column":2},"end":{"line":24,"column":6}},"loc":{"start":{"line":24,"column":29},"end":{"line":26,"column":3}}},"5":{"name":"(anonymous_6)","decl":{"start":{"line":28,"column":2},"end":{"line":28,"column":6}},"loc":{"start":{"line":28,"column":22},"end":{"line":30,"column":3}}},"6":{"name":"(anonymous_7)","decl":{"start":{"line":32,"column":2},"end":{"line":32,"column":17}},"loc":{"start":{"line":32,"column":41},"end":{"line":34,"column":3}}},"7":{"name":"(anonymous_8)","decl":{"start":{"line":37,"column":0},"end":{"line":37,"column":13}},"loc":{"start":{"line":37,"column":0},"end":{"line":65,"column":null}}},"8":{"name":"BlockHeader","decl":{"start":{"line":45,"column":2},"end":{"line":45,"column":14}},"loc":{"start":{"line":45,"column":48},"end":{"line":52,"column":3}}},"9":{"name":"(anonymous_10)","decl":{"start":{"line":53,"column":2},"end":{"line":53,"column":6}},"loc":{"start":{"line":53,"column":34},"end":{"line":55,"column":3}}},"10":{"name":"(anonymous_11)","decl":{"start":{"line":56,"column":2},"end":{"line":56,"column":6}},"loc":{"start":{"line":56,"column":22},"end":{"line":58,"column":3}}},"11":{"name":"(anonymous_12)","decl":{"start":{"line":59,"column":2},"end":{"line":59,"column":6}},"loc":{"start":{"line":59,"column":24},"end":{"line":61,"column":3}}},"12":{"name":"(anonymous_13)","decl":{"start":{"line":62,"column":2},"end":{"line":62,"column":9}},"loc":{"start":{"line":62,"column":56},"end":{"line":64,"column":3}}},"13":{"name":"(anonymous_14)","decl":{"start":{"line":67,"column":0},"end":{"line":67,"column":13}},"loc":{"start":{"line":67,"column":0},"end":{"line":67,"column":13}}},"14":{"name":"BlockBody","decl":{"start":{"line":75,"column":2},"end":{"line":75,"column":14}},"loc":{"start":{"line":75,"column":26},"end":{"line":80,"column":3}}},"15":{"name":"(anonymous_16)","decl":{"start":{"line":82,"column":2},"end":{"line":82,"column":6}},"loc":{"start":{"line":82,"column":2},"end":{"line":84,"column":3}}},"16":{"name":"(anonymous_17)","decl":{"start":{"line":86,"column":2},"end":{"line":86,"column":6}},"loc":{"start":{"line":86,"column":2},"end":{"line":88,"column":3}}},"17":{"name":"(anonymous_18)","decl":{"start":{"line":90,"column":2},"end":{"line":90,"column":25}},"loc":{"start":{"line":90,"column":49},"end":{"line":98,"column":3}}},"18":{"name":"(anonymous_19)","decl":{"start":{"line":100,"column":2},"end":{"line":100,"column":18}},"loc":{"start":{"line":100,"column":2},"end":{"line":109,"column":3}}}},"branchMap":{"0":{"loc":{"start":{"line":91,"column":4},"end":{"line":97,"column":null}},"type":"if","locations":[{"start":{"line":91,"column":4},"end":{"line":97,"column":null}},{"start":{"line":95,"column":9},"end":{"line":97,"column":null}}]}},"s":{"0":2,"1":2,"2":2,"3":2,"4":5,"5":5,"6":2,"7":0,"8":2,"9":0,"10":2,"11":0,"12":2,"13":0,"14":2,"15":16,"16":2,"17":2,"18":2,"19":6,"20":6,"21":6,"22":2,"23":0,"24":2,"25":0,"26":2,"27":0,"28":2,"29":1,"30":2,"31":2,"32":2,"33":6,"34":6,"35":6,"36":6,"37":2,"38":0,"39":2,"40":0,"41":2,"42":28,"43":24,"44":24,"45":24,"46":4,"47":2,"48":0,"49":0,"50":0,"51":2,"52":2,"53":2},"f":{"0":2,"1":5,"2":0,"3":0,"4":0,"5":0,"6":16,"7":2,"8":6,"9":0,"10":0,"11":0,"12":1,"13":2,"14":6,"15":0,"16":0,"17":28,"18":0},"b":{"0":[24,4]}}
,"/Users/leejiwoong/Documents/coding/pow-blockchain/blockchain/src/Node.ts": {"path":"/Users/leejiwoong/Documents/coding/pow-blockchain/blockchain/src/Node.ts","statementMap":{"0":{"start":{"line":1,"column":0},"end":{"line":1,"column":43}},"1":{"start":{"line":4,"column":0},"end":{"line":4,"column":null}},"2":{"start":{"line":11,"column":4},"end":{"line":11,"column":28}},"3":{"start":{"line":12,"column":4},"end":{"line":12,"column":48}},"4":{"start":{"line":13,"column":4},"end":{"line":13,"column":34}},"5":{"start":{"line":14,"column":4},"end":{"line":14,"column":36}},"6":{"start":{"line":16,"column":0},"end":{"line":16,"column":null}},"7":{"start":{"line":18,"column":0},"end":{"line":18,"column":null}},"8":{"start":{"line":18,"column":31},"end":{"line":18,"column":35}},"9":{"start":{"line":22,"column":4},"end":{"line":22,"column":null}},"10":{"start":{"line":25,"column":2},"end":{"line":27,"column":null}},"11":{"start":{"line":26,"column":4},"end":{"line":26,"column":37}},"12":{"start":{"line":29,"column":2},"end":{"line":34,"column":null}},"13":{"start":{"line":33,"column":4},"end":{"line":33,"column":16}},"14":{"start":{"line":36,"column":2},"end":{"line":38,"column":null}},"15":{"start":{"line":37,"column":4},"end":{"line":37,"column":44}},"16":{"start":{"line":45,"column":0},"end":{"line":45,"column":null}},"17":{"start":{"line":18,"column":13},"end":{"line":18,"column":22}},"18":{"start":{"line":47,"column":0},"end":{"line":47,"column":null}},"19":{"start":{"line":47,"column":31},"end":{"line":47,"column":35}},"20":{"start":{"line":52,"column":4},"end":{"line":52,"column":null}},"21":{"start":{"line":55,"column":2},"end":{"line":57,"column":null}},"22":{"start":{"line":56,"column":4},"end":{"line":56,"column":52}},"23":{"start":{"line":59,"column":2},"end":{"line":66,"column":null}},"24":{"start":{"line":60,"column":15},"end":{"line":60,"column":33}},"25":{"start":{"line":64,"column":4},"end":{"line":64,"column":83}},"26":{"start":{"line":65,"column":4},"end":{"line":65,"column":16}},"27":{"start":{"line":75,"column":0},"end":{"line":75,"column":null}},"28":{"start":{"line":47,"column":13},"end":{"line":47,"column":22}},"29":{"start":{"line":77,"column":0},"end":{"line":77,"column":null}},"30":{"start":{"line":77,"column":30},"end":{"line":77,"column":34}},"31":{"start":{"line":83,"column":4},"end":{"line":83,"column":null}},"32":{"start":{"line":84,"column":4},"end":{"line":84,"column":71}},"33":{"start":{"line":85,"column":4},"end":{"line":85,"column":36}},"34":{"start":{"line":86,"column":4},"end":{"line":86,"column":25}},"35":{"start":{"line":89,"column":2},"end":{"line":91,"column":null}},"36":{"start":{"line":90,"column":4},"end":{"line":90,"column":38}},"37":{"start":{"line":93,"column":2},"end":{"line":95,"column":null}},"38":{"start":{"line":94,"column":4},"end":{"line":94,"column":29}},"39":{"start":{"line":97,"column":2},"end":{"line":103,"column":null}},"40":{"start":{"line":102,"column":4},"end":{"line":102,"column":16}},"41":{"start":{"line":105,"column":2},"end":{"line":105,"column":null}},"42":{"start":{"line":107,"column":2},"end":{"line":115,"column":4}},"43":{"start":{"line":111,"column":29},"end":{"line":111,"column":96}},"44":{"start":{"line":112,"column":30},"end":{"line":112,"column":95}},"45":{"start":{"line":113,"column":4},"end":{"line":113,"column":51}},"46":{"start":{"line":114,"column":4},"end":{"line":114,"column":28}},"47":{"start":{"line":117,"column":2},"end":{"line":119,"column":4}},"48":{"start":{"line":118,"column":4},"end":{"line":118,"column":16}},"49":{"start":{"line":121,"column":2},"end":{"line":123,"column":null}},"50":{"start":{"line":122,"column":4},"end":{"line":122,"column":34}},"51":{"start":{"line":130,"column":0},"end":{"line":130,"column":null}},"52":{"start":{"line":77,"column":13},"end":{"line":77,"column":21}}},"fnMap":{"0":{"name":"(anonymous_6)","decl":{"start":{"line":4,"column":0},"end":{"line":4,"column":null}},"loc":{"start":{"line":4,"column":0},"end":{"line":16,"column":null}}},"1":{"name":"Node","decl":{"start":{"line":10,"column":2},"end":{"line":10,"column":14}},"loc":{"start":{"line":10,"column":93},"end":{"line":15,"column":3}}},"2":{"name":"(anonymous_8)","decl":{"start":{"line":18,"column":0},"end":{"line":18,"column":13}},"loc":{"start":{"line":18,"column":0},"end":{"line":45,"column":null}}},"3":{"name":"LightNode","decl":{"start":{"line":21,"column":2},"end":{"line":21,"column":14}},"loc":{"start":{"line":21,"column":93},"end":{"line":23,"column":3}}},"4":{"name":"(anonymous_10)","decl":{"start":{"line":25,"column":2},"end":{"line":25,"column":6}},"loc":{"start":{"line":25,"column":2},"end":{"line":27,"column":3}}},"5":{"name":"(anonymous_11)","decl":{"start":{"line":29,"column":2},"end":{"line":29,"column":22}},"loc":{"start":{"line":29,"column":46},"end":{"line":34,"column":3}}},"6":{"name":"(anonymous_12)","decl":{"start":{"line":36,"column":2},"end":{"line":36,"column":20}},"loc":{"start":{"line":36,"column":44},"end":{"line":38,"column":3}}},"7":{"name":"(anonymous_13)","decl":{"start":{"line":47,"column":0},"end":{"line":47,"column":13}},"loc":{"start":{"line":47,"column":0},"end":{"line":75,"column":null}}},"8":{"name":"MinerNode","decl":{"start":{"line":51,"column":2},"end":{"line":51,"column":14}},"loc":{"start":{"line":51,"column":93},"end":{"line":53,"column":3}}},"9":{"name":"(anonymous_15)","decl":{"start":{"line":55,"column":2},"end":{"line":55,"column":6}},"loc":{"start":{"line":55,"column":52},"end":{"line":57,"column":3}}},"10":{"name":"(anonymous_16)","decl":{"start":{"line":59,"column":2},"end":{"line":59,"column":5}},"loc":{"start":{"line":59,"column":2},"end":{"line":66,"column":3}}},"11":{"name":"(anonymous_17)","decl":{"start":{"line":77,"column":0},"end":{"line":77,"column":13}},"loc":{"start":{"line":77,"column":0},"end":{"line":130,"column":null}}},"12":{"name":"FullNode","decl":{"start":{"line":82,"column":2},"end":{"line":82,"column":14}},"loc":{"start":{"line":82,"column":93},"end":{"line":87,"column":3}}},"13":{"name":"(anonymous_19)","decl":{"start":{"line":89,"column":2},"end":{"line":89,"column":6}},"loc":{"start":{"line":89,"column":2},"end":{"line":91,"column":3}}},"14":{"name":"(anonymous_20)","decl":{"start":{"line":93,"column":2},"end":{"line":93,"column":6}},"loc":{"start":{"line":93,"column":2},"end":{"line":95,"column":3}}},"15":{"name":"(anonymous_21)","decl":{"start":{"line":97,"column":2},"end":{"line":97,"column":22}},"loc":{"start":{"line":97,"column":46},"end":{"line":103,"column":3}}},"16":{"name":"(anonymous_22)","decl":{"start":{"line":105,"column":2},"end":{"line":105,"column":18}},"loc":{"start":{"line":105,"column":42},"end":{"line":105,"column":45}}},"17":{"name":"(anonymous_23)","decl":{"start":{"line":107,"column":2},"end":{"line":107,"column":18}},"loc":{"start":{"line":107,"column":2},"end":{"line":115,"column":3}}},"18":{"name":"(anonymous_24)","decl":{"start":{"line":117,"column":2},"end":{"line":117,"column":16}},"loc":{"start":{"line":117,"column":28},"end":{"line":119,"column":3}}},"19":{"name":"(anonymous_25)","decl":{"start":{"line":121,"column":2},"end":{"line":121,"column":11}},"loc":{"start":{"line":121,"column":23},"end":{"line":123,"column":3}}}},"branchMap":{"0":{"loc":{"start":{"line":22,"column":4},"end":{"line":22,"column":null}},"type":"binary-expr","locations":[{"start":{"line":22,"column":4},"end":{"line":22,"column":59}},{"start":{"line":22,"column":59},"end":{"line":22,"column":null}}]},"1":{"loc":{"start":{"line":52,"column":4},"end":{"line":52,"column":null}},"type":"binary-expr","locations":[{"start":{"line":52,"column":4},"end":{"line":52,"column":59}},{"start":{"line":52,"column":59},"end":{"line":52,"column":null}}]},"2":{"loc":{"start":{"line":83,"column":4},"end":{"line":83,"column":null}},"type":"binary-expr","locations":[{"start":{"line":83,"column":4},"end":{"line":83,"column":59}},{"start":{"line":83,"column":59},"end":{"line":83,"column":null}}]}},"s":{"0":1,"1":1,"2":3,"3":3,"4":3,"5":3,"6":1,"7":1,"8":1,"9":1,"10":1,"11":1,"12":1,"13":1,"14":1,"15":1,"16":1,"17":1,"18":1,"19":1,"20":1,"21":1,"22":1,"23":1,"24":1,"25":1,"26":1,"27":1,"28":1,"29":1,"30":1,"31":1,"32":1,"33":1,"34":1,"35":1,"36":2,"37":1,"38":1,"39":1,"40":1,"41":1,"42":1,"43":0,"44":0,"45":0,"46":0,"47":1,"48":1,"49":1,"50":1,"51":1,"52":1},"f":{"0":1,"1":3,"2":1,"3":1,"4":1,"5":1,"6":1,"7":1,"8":1,"9":1,"10":1,"11":1,"12":1,"13":2,"14":1,"15":1,"16":2,"17":0,"18":1,"19":1},"b":{"0":[1,1],"1":[1,1],"2":[1,1]}}
,"/Users/leejiwoong/Documents/coding/pow-blockchain/blockchain/src/Transaction.ts": {"path":"/Users/leejiwoong/Documents/coding/pow-blockchain/blockchain/src/Transaction.ts","statementMap":{"0":{"start":{"line":1,"column":0},"end":{"line":1,"column":13}},"1":{"start":{"line":8,"column":14},"end":{"line":8,"column":32}},"2":{"start":{"line":9,"column":4},"end":{"line":9,"column":27}},"3":{"start":{"line":10,"column":4},"end":{"line":10,"column":25}},"4":{"start":{"line":11,"column":4},"end":{"line":11,"column":31}},"5":{"start":{"line":12,"column":4},"end":{"line":12,"column":25}},"6":{"start":{"line":13,"column":4},"end":{"line":13,"column":27}},"7":{"start":{"line":16,"column":9},"end":{"line":18,"column":null}},"8":{"start":{"line":19,"column":0},"end":{"line":19,"column":null}},"9":{"start":{"line":1,"column":13},"end":{"line":1,"column":24}}},"fnMap":{"0":{"name":"(anonymous_0)","decl":{"start":{"line":1,"column":0},"end":{"line":1,"column":13}},"loc":{"start":{"line":1,"column":0},"end":{"line":19,"column":null}}},"1":{"name":"Transaction","decl":{"start":{"line":8,"column":2},"end":{"line":8,"column":14}},"loc":{"start":{"line":8,"column":78},"end":{"line":14,"column":3}}},"2":{"name":"(anonymous_2)","decl":{"start":{"line":16,"column":2},"end":{"line":16,"column":9}},"loc":{"start":{"line":16,"column":2},"end":{"line":18,"column":3}}}},"branchMap":{"0":{"loc":{"start":{"line":8,"column":14},"end":{"line":8,"column":32}},"type":"if","locations":[{"start":{"line":8,"column":14},"end":{"line":8,"column":32}}]}},"s":{"0":2,"1":32,"2":32,"3":32,"4":32,"5":32,"6":32,"7":2,"8":2,"9":2},"f":{"0":2,"1":32,"2":0},"b":{"0":[0]}}
}
