TN:
SF:src/Block.ts
FN:6,(anonymous_1)
FN:11,Block
FN:16,(anonymous_3)
FN:20,(anonymous_4)
FN:24,(anonymous_5)
FN:28,(anonymous_6)
FN:32,(anonymous_7)
FN:37,(anonymous_8)
FN:45,BlockHeader
FN:53,(anonymous_10)
FN:56,(anonymous_11)
FN:59,(anonymous_12)
FN:62,(anonymous_13)
FN:67,(anonymous_14)
FN:75,BlockBody
FN:82,(anonymous_16)
FN:86,(anonymous_17)
FN:90,(anonymous_18)
FN:100,(anonymous_19)
FNF:19
FNH:9
FNDA:2,(anonymous_1)
FNDA:5,Block
FNDA:0,(anonymous_3)
FNDA:0,(anonymous_4)
FNDA:0,(anonymous_5)
FNDA:0,(anonymous_6)
FNDA:16,(anonymous_7)
FNDA:2,(anonymous_8)
FNDA:6,BlockHeader
FNDA:0,(anonymous_10)
FNDA:0,(anonymous_11)
FNDA:0,(anonymous_12)
FNDA:1,(anonymous_13)
FNDA:2,(anonymous_14)
FNDA:6,BlockBody
FNDA:0,(anonymous_16)
FNDA:0,(anonymous_17)
FNDA:28,(anonymous_18)
FNDA:0,(anonymous_19)
DA:1,2
DA:3,2
DA:4,2
DA:6,2
DA:12,5
DA:13,5
DA:16,2
DA:17,0
DA:20,2
DA:21,0
DA:24,2
DA:25,0
DA:28,2
DA:29,0
DA:32,2
DA:33,16
DA:35,2
DA:37,2
DA:46,6
DA:47,6
DA:50,6
DA:53,2
DA:54,0
DA:56,2
DA:57,0
DA:59,2
DA:60,0
DA:62,2
DA:63,1
DA:65,2
DA:67,2
DA:68,2
DA:76,6
DA:77,6
DA:78,6
DA:79,6
DA:82,2
DA:83,0
DA:86,2
DA:87,0
DA:90,2
DA:91,28
DA:92,24
DA:93,24
DA:94,24
DA:96,4
DA:100,2
DA:103,0
DA:104,0
DA:105,0
DA:110,2
LF:51
LH:39
BRDA:91,0,0,24
BRDA:91,0,1,4
BRF:2
BRH:2
end_of_record
TN:
SF:src/Node.ts
FN:4,(anonymous_6)
FN:10,Node
FN:18,(anonymous_8)
FN:21,LightNode
FN:25,(anonymous_10)
FN:29,(anonymous_11)
FN:36,(anonymous_12)
FN:47,(anonymous_13)
FN:51,MinerNode
FN:55,(anonymous_15)
FN:59,(anonymous_16)
FN:77,(anonymous_17)
FN:82,FullNode
FN:89,(anonymous_19)
FN:93,(anonymous_20)
FN:97,(anonymous_21)
FN:105,(anonymous_22)
FN:107,(anonymous_23)
FN:117,(anonymous_24)
FN:121,(anonymous_25)
FNF:20
FNH:19
FNDA:1,(anonymous_6)
FNDA:3,Node
FNDA:1,(anonymous_8)
FNDA:1,LightNode
FNDA:1,(anonymous_10)
FNDA:1,(anonymous_11)
FNDA:1,(anonymous_12)
FNDA:1,(anonymous_13)
FNDA:1,MinerNode
FNDA:1,(anonymous_15)
FNDA:1,(anonymous_16)
FNDA:1,(anonymous_17)
FNDA:1,FullNode
FNDA:2,(anonymous_19)
FNDA:1,(anonymous_20)
FNDA:1,(anonymous_21)
FNDA:2,(anonymous_22)
FNDA:0,(anonymous_23)
FNDA:1,(anonymous_24)
FNDA:1,(anonymous_25)
DA:1,1
DA:4,1
DA:11,3
DA:12,3
DA:13,3
DA:14,3
DA:16,1
DA:18,1
DA:22,1
DA:25,1
DA:26,1
DA:29,1
DA:33,1
DA:36,1
DA:37,1
DA:45,1
DA:47,1
DA:52,1
DA:55,1
DA:56,1
DA:59,1
DA:60,1
DA:64,1
DA:65,1
DA:75,1
DA:77,1
DA:83,1
DA:84,1
DA:85,1
DA:86,1
DA:89,1
DA:90,2
DA:93,1
DA:94,1
DA:97,1
DA:102,1
DA:105,1
DA:107,1
DA:111,0
DA:112,0
DA:113,0
DA:114,0
DA:117,1
DA:118,1
DA:121,1
DA:122,1
DA:130,1
LF:47
LH:43
BRDA:22,0,0,1
BRDA:22,0,1,1
BRDA:52,1,0,1
BRDA:52,1,1,1
BRDA:83,2,0,1
BRDA:83,2,1,1
BRF:6
BRH:6
end_of_record
TN:
SF:src/Transaction.ts
FN:1,(anonymous_0)
FN:8,Transaction
FN:16,(anonymous_2)
FNF:3
FNH:2
FNDA:2,(anonymous_0)
FNDA:32,Transaction
FNDA:0,(anonymous_2)
DA:1,2
DA:8,32
DA:9,32
DA:10,32
DA:11,32
DA:12,32
DA:13,32
DA:16,2
DA:19,2
LF:9
LH:9
BRDA:8,0,0,0
BRF:1
BRH:0
end_of_record
